Analysis & Synthesis report for SevenSeg
Sun May 10 12:18:54 2020
Quartus II 64-Bit Version 13.0.0 Build 156 04/24/2013 SJ Web Edition


---------------------
; Table of Contents ;
---------------------
  1. Legal Notice
  2. Analysis & Synthesis Summary
  3. Analysis & Synthesis Settings
  4. Parallel Compilation
  5. Analysis & Synthesis Source Files Read
  6. Analysis & Synthesis Resource Usage Summary
  7. Analysis & Synthesis Resource Utilization by Entity
  8. Analysis & Synthesis IP Cores Summary
  9. General Register Statistics
 10. Inverted Register Statistics
 11. Parameter Settings for User Entity Instance: lpm_compare3:inst18|lpm_compare:LPM_COMPARE_component
 12. Parameter Settings for User Entity Instance: lpm_compare4:inst|lpm_compare:LPM_COMPARE_component
 13. Parameter Settings for User Entity Instance: lpm_compare5:inst10|lpm_compare:LPM_COMPARE_component
 14. Elapsed Time Per Partition
 15. Analysis & Synthesis Messages



----------------
; Legal Notice ;
----------------
Copyright (C) 1991-2013 Altera Corporation
Your use of Altera Corporation's design tools, logic functions 
and other software and tools, and its AMPP partner logic 
functions, and any output files from any of the foregoing 
(including device programming or simulation files), and any 
associated documentation or information are expressly subject 
to the terms and conditions of the Altera Program License 
Subscription Agreement, Altera MegaCore Function License 
Agreement, or other applicable license agreement, including, 
without limitation, that your use is for the sole purpose of 
programming logic devices manufactured by Altera and sold by 
Altera or its authorized distributors.  Please refer to the 
applicable agreement for further details.



+---------------------------------------------------------------------------------+
; Analysis & Synthesis Summary                                                    ;
+------------------------------------+--------------------------------------------+
; Analysis & Synthesis Status        ; Successful - Sun May 10 12:18:54 2020      ;
; Quartus II 64-Bit Version          ; 13.0.0 Build 156 04/24/2013 SJ Web Edition ;
; Revision Name                      ; SevenSeg                                   ;
; Top-level Entity Name              ; main                                       ;
; Family                             ; Cyclone II                                 ;
; Total logic elements               ; 232                                        ;
;     Total combinational functions  ; 232                                        ;
;     Dedicated logic registers      ; 57                                         ;
; Total registers                    ; 57                                         ;
; Total pins                         ; 53                                         ;
; Total virtual pins                 ; 0                                          ;
; Total memory bits                  ; 0                                          ;
; Embedded Multiplier 9-bit elements ; 0                                          ;
; Total PLLs                         ; 0                                          ;
+------------------------------------+--------------------------------------------+


+----------------------------------------------------------------------------------------------------------------------+
; Analysis & Synthesis Settings                                                                                        ;
+----------------------------------------------------------------------------+--------------------+--------------------+
; Option                                                                     ; Setting            ; Default Value      ;
+----------------------------------------------------------------------------+--------------------+--------------------+
; Device                                                                     ; EP2C70F896C8       ;                    ;
; Top-level entity name                                                      ; main               ; SevenSeg           ;
; Family name                                                                ; Cyclone II         ; Cyclone IV GX      ;
; Use smart compilation                                                      ; Off                ; Off                ;
; Enable parallel Assembler and TimeQuest Timing Analyzer during compilation ; On                 ; On                 ;
; Enable compact report table                                                ; Off                ; Off                ;
; Restructure Multiplexers                                                   ; Auto               ; Auto               ;
; Create Debugging Nodes for IP Cores                                        ; Off                ; Off                ;
; Preserve fewer node names                                                  ; On                 ; On                 ;
; Disable OpenCore Plus hardware evaluation                                  ; Off                ; Off                ;
; Verilog Version                                                            ; Verilog_2001       ; Verilog_2001       ;
; VHDL Version                                                               ; VHDL_1993          ; VHDL_1993          ;
; State Machine Processing                                                   ; Auto               ; Auto               ;
; Safe State Machine                                                         ; Off                ; Off                ;
; Extract Verilog State Machines                                             ; On                 ; On                 ;
; Extract VHDL State Machines                                                ; On                 ; On                 ;
; Ignore Verilog initial constructs                                          ; Off                ; Off                ;
; Iteration limit for constant Verilog loops                                 ; 5000               ; 5000               ;
; Iteration limit for non-constant Verilog loops                             ; 250                ; 250                ;
; Add Pass-Through Logic to Inferred RAMs                                    ; On                 ; On                 ;
; Infer RAMs from Raw Logic                                                  ; On                 ; On                 ;
; Parallel Synthesis                                                         ; On                 ; On                 ;
; DSP Block Balancing                                                        ; Auto               ; Auto               ;
; NOT Gate Push-Back                                                         ; On                 ; On                 ;
; Power-Up Don't Care                                                        ; On                 ; On                 ;
; Remove Redundant Logic Cells                                               ; Off                ; Off                ;
; Remove Duplicate Registers                                                 ; On                 ; On                 ;
; Ignore CARRY Buffers                                                       ; Off                ; Off                ;
; Ignore CASCADE Buffers                                                     ; Off                ; Off                ;
; Ignore GLOBAL Buffers                                                      ; Off                ; Off                ;
; Ignore ROW GLOBAL Buffers                                                  ; Off                ; Off                ;
; Ignore LCELL Buffers                                                       ; Off                ; Off                ;
; Ignore SOFT Buffers                                                        ; On                 ; On                 ;
; Limit AHDL Integers to 32 Bits                                             ; Off                ; Off                ;
; Optimization Technique                                                     ; Balanced           ; Balanced           ;
; Carry Chain Length                                                         ; 70                 ; 70                 ;
; Auto Carry Chains                                                          ; On                 ; On                 ;
; Auto Open-Drain Pins                                                       ; On                 ; On                 ;
; Perform WYSIWYG Primitive Resynthesis                                      ; Off                ; Off                ;
; Auto ROM Replacement                                                       ; On                 ; On                 ;
; Auto RAM Replacement                                                       ; On                 ; On                 ;
; Auto Shift Register Replacement                                            ; Auto               ; Auto               ;
; Allow Shift Register Merging across Hierarchies                            ; Auto               ; Auto               ;
; Auto Clock Enable Replacement                                              ; On                 ; On                 ;
; Strict RAM Replacement                                                     ; Off                ; Off                ;
; Allow Synchronous Control Signals                                          ; On                 ; On                 ;
; Force Use of Synchronous Clear Signals                                     ; Off                ; Off                ;
; Auto RAM to Logic Cell Conversion                                          ; Off                ; Off                ;
; Auto Resource Sharing                                                      ; Off                ; Off                ;
; Allow Any RAM Size For Recognition                                         ; Off                ; Off                ;
; Allow Any ROM Size For Recognition                                         ; Off                ; Off                ;
; Allow Any Shift Register Size For Recognition                              ; Off                ; Off                ;
; Use LogicLock Constraints during Resource Balancing                        ; On                 ; On                 ;
; Ignore translate_off and synthesis_off directives                          ; Off                ; Off                ;
; Timing-Driven Synthesis                                                    ; Off                ; Off                ;
; Report Parameter Settings                                                  ; On                 ; On                 ;
; Report Source Assignments                                                  ; On                 ; On                 ;
; Report Connectivity Checks                                                 ; On                 ; On                 ;
; Ignore Maximum Fan-Out Assignments                                         ; Off                ; Off                ;
; Synchronization Register Chain Length                                      ; 2                  ; 2                  ;
; PowerPlay Power Optimization                                               ; Normal compilation ; Normal compilation ;
; HDL message level                                                          ; Level2             ; Level2             ;
; Suppress Register Optimization Related Messages                            ; Off                ; Off                ;
; Number of Removed Registers Reported in Synthesis Report                   ; 5000               ; 5000               ;
; Number of Swept Nodes Reported in Synthesis Report                         ; 5000               ; 5000               ;
; Number of Inverted Registers Reported in Synthesis Report                  ; 100                ; 100                ;
; Clock MUX Protection                                                       ; On                 ; On                 ;
; Auto Gated Clock Conversion                                                ; Off                ; Off                ;
; Block Design Naming                                                        ; Auto               ; Auto               ;
; SDC constraint protection                                                  ; Off                ; Off                ;
; Synthesis Effort                                                           ; Auto               ; Auto               ;
; Shift Register Replacement - Allow Asynchronous Clear Signal               ; On                 ; On                 ;
; Pre-Mapping Resynthesis Optimization                                       ; Off                ; Off                ;
; Analysis & Synthesis Message Level                                         ; Medium             ; Medium             ;
; Disable Register Merging Across Hierarchies                                ; Auto               ; Auto               ;
; Resource Aware Inference For Block RAM                                     ; On                 ; On                 ;
; Synthesis Seed                                                             ; 1                  ; 1                  ;
+----------------------------------------------------------------------------+--------------------+--------------------+


Parallel compilation was disabled, but you have multiple processors available. Enable parallel compilation to reduce compilation time.
+-------------------------------------+
; Parallel Compilation                ;
+----------------------------+--------+
; Processors                 ; Number ;
+----------------------------+--------+
; Number detected on machine ; 4      ;
; Maximum allowed            ; 1      ;
+----------------------------+--------+


+--------------------------------------------------------------------------------------------------------------------------------------------------------------------+
; Analysis & Synthesis Source Files Read                                                                                                                             ;
+----------------------------------+-----------------+------------------------------------+----------------------------------------------------------------+---------+
; File Name with User-Entered Path ; Used in Netlist ; File Type                          ; File Name with Absolute Path                                   ; Library ;
+----------------------------------+-----------------+------------------------------------+----------------------------------------------------------------+---------+
; main.bdf                         ; yes             ; User Block Diagram/Schematic File  ; E:/IAAU/Quartus tasks/clock24/main.bdf                         ;         ;
; BinaryToBCD.bdf                  ; yes             ; User Block Diagram/Schematic File  ; E:/IAAU/Quartus tasks/clock24/BinaryToBCD.bdf                  ;         ;
; Clock_Divider.vhd                ; yes             ; User VHDL File                     ; E:/IAAU/Quartus tasks/clock24/Clock_Divider.vhd                ;         ;
; JK_Synch_Counter.bdf             ; yes             ; User Block Diagram/Schematic File  ; E:/IAAU/Quartus tasks/clock24/JK_Synch_Counter.bdf             ;         ;
; lpm_compare3.vhd                 ; yes             ; User Wizard-Generated File         ; E:/IAAU/Quartus tasks/clock24/lpm_compare3.vhd                 ;         ;
; lpm_compare4.vhd                 ; yes             ; User Wizard-Generated File         ; E:/IAAU/Quartus tasks/clock24/lpm_compare4.vhd                 ;         ;
; lpm_compare5.vhd                 ; yes             ; User Wizard-Generated File         ; E:/IAAU/Quartus tasks/clock24/lpm_compare5.vhd                 ;         ;
; lpm_compare.tdf                  ; yes             ; Megafunction                       ; c:/altera/13.0/quartus/libraries/megafunctions/lpm_compare.tdf ;         ;
; comptree.inc                     ; yes             ; Megafunction                       ; c:/altera/13.0/quartus/libraries/megafunctions/comptree.inc    ;         ;
; altshift.inc                     ; yes             ; Megafunction                       ; c:/altera/13.0/quartus/libraries/megafunctions/altshift.inc    ;         ;
; aglobal130.inc                   ; yes             ; Megafunction                       ; c:/altera/13.0/quartus/libraries/megafunctions/aglobal130.inc  ;         ;
; db/cmpr_k7j.tdf                  ; yes             ; Auto-Generated Megafunction        ; E:/IAAU/Quartus tasks/clock24/db/cmpr_k7j.tdf                  ;         ;
; 7447.bdf                         ; yes             ; Megafunction                       ; c:/altera/13.0/quartus/libraries/others/maxplus2/7447.bdf      ;         ;
; 74185.bdf                        ; yes             ; Megafunction                       ; c:/altera/13.0/quartus/libraries/others/maxplus2/74185.bdf     ;         ;
+----------------------------------+-----------------+------------------------------------+----------------------------------------------------------------+---------+


+-----------------------------------------------------+
; Analysis & Synthesis Resource Usage Summary         ;
+---------------------------------------------+-------+
; Resource                                    ; Usage ;
+---------------------------------------------+-------+
; Estimated Total logic elements              ; 232   ;
;                                             ;       ;
; Total combinational functions               ; 232   ;
; Logic element usage by number of LUT inputs ;       ;
;     -- 4 input functions                    ; 123   ;
;     -- 3 input functions                    ; 58    ;
;     -- <=2 input functions                  ; 51    ;
;                                             ;       ;
; Logic elements by mode                      ;       ;
;     -- normal mode                          ; 201   ;
;     -- arithmetic mode                      ; 31    ;
;                                             ;       ;
; Total registers                             ; 57    ;
;     -- Dedicated logic registers            ; 57    ;
;     -- I/O registers                        ; 0     ;
;                                             ;       ;
; I/O pins                                    ; 53    ;
; Embedded Multiplier 9-bit elements          ; 0     ;
; Maximum fan-out node                        ; clk   ;
; Maximum fan-out                             ; 33    ;
; Total fan-out                               ; 979   ;
; Average fan-out                             ; 2.86  ;
+---------------------------------------------+-------+


+------------------------------------------------------------------------------------------------------------------------------------------------------------------------------------------------------------------------------------------------------------+
; Analysis & Synthesis Resource Utilization by Entity                                                                                                                                                                                                        ;
+-------------------------------------------+-------------------+--------------+-------------+--------------+---------+-----------+------+--------------+-------------------------------------------------------------------------------------+--------------+
; Compilation Hierarchy Node                ; LC Combinationals ; LC Registers ; Memory Bits ; DSP Elements ; DSP 9x9 ; DSP 18x18 ; Pins ; Virtual Pins ; Full Hierarchy Name                                                                 ; Library Name ;
+-------------------------------------------+-------------------+--------------+-------------+--------------+---------+-----------+------+--------------+-------------------------------------------------------------------------------------+--------------+
; |main                                     ; 232 (0)           ; 57 (0)       ; 0           ; 0            ; 0       ; 0         ; 53   ; 0            ; |main                                                                               ;              ;
;    |7447:inst13|                          ; 7 (7)             ; 0 (0)        ; 0           ; 0            ; 0       ; 0         ; 0    ; 0            ; |main|7447:inst13                                                                   ;              ;
;    |7447:inst14|                          ; 9 (9)             ; 0 (0)        ; 0           ; 0            ; 0       ; 0         ; 0    ; 0            ; |main|7447:inst14                                                                   ;              ;
;    |7447:inst16|                          ; 9 (9)             ; 0 (0)        ; 0           ; 0            ; 0       ; 0         ; 0    ; 0            ; |main|7447:inst16                                                                   ;              ;
;    |7447:inst1|                           ; 7 (7)             ; 0 (0)        ; 0           ; 0            ; 0       ; 0         ; 0    ; 0            ; |main|7447:inst1                                                                    ;              ;
;    |7447:inst25|                          ; 7 (7)             ; 0 (0)        ; 0           ; 0            ; 0       ; 0         ; 0    ; 0            ; |main|7447:inst25                                                                   ;              ;
;    |7447:inst2|                           ; 9 (9)             ; 0 (0)        ; 0           ; 0            ; 0       ; 0         ; 0    ; 0            ; |main|7447:inst2                                                                    ;              ;
;    |BinaryToBCD:inst15|                   ; 37 (0)            ; 0 (0)        ; 0           ; 0            ; 0       ; 0         ; 0    ; 0            ; |main|BinaryToBCD:inst15                                                            ;              ;
;       |74185:inst1|                       ; 19 (19)           ; 0 (0)        ; 0           ; 0            ; 0       ; 0         ; 0    ; 0            ; |main|BinaryToBCD:inst15|74185:inst1                                                ;              ;
;       |74185:inst2|                       ; 2 (2)             ; 0 (0)        ; 0           ; 0            ; 0       ; 0         ; 0    ; 0            ; |main|BinaryToBCD:inst15|74185:inst2                                                ;              ;
;       |74185:inst4|                       ; 16 (16)           ; 0 (0)        ; 0           ; 0            ; 0       ; 0         ; 0    ; 0            ; |main|BinaryToBCD:inst15|74185:inst4                                                ;              ;
;    |BinaryToBCD:inst5|                    ; 26 (0)            ; 0 (0)        ; 0           ; 0            ; 0       ; 0         ; 0    ; 0            ; |main|BinaryToBCD:inst5                                                             ;              ;
;       |74185:inst1|                       ; 10 (10)           ; 0 (0)        ; 0           ; 0            ; 0       ; 0         ; 0    ; 0            ; |main|BinaryToBCD:inst5|74185:inst1                                                 ;              ;
;       |74185:inst2|                       ; 2 (2)             ; 0 (0)        ; 0           ; 0            ; 0       ; 0         ; 0    ; 0            ; |main|BinaryToBCD:inst5|74185:inst2                                                 ;              ;
;       |74185:inst4|                       ; 14 (14)           ; 0 (0)        ; 0           ; 0            ; 0       ; 0         ; 0    ; 0            ; |main|BinaryToBCD:inst5|74185:inst4                                                 ;              ;
;    |BinaryToBCD:inst6|                    ; 33 (0)            ; 0 (0)        ; 0           ; 0            ; 0       ; 0         ; 0    ; 0            ; |main|BinaryToBCD:inst6                                                             ;              ;
;       |74185:inst1|                       ; 16 (16)           ; 0 (0)        ; 0           ; 0            ; 0       ; 0         ; 0    ; 0            ; |main|BinaryToBCD:inst6|74185:inst1                                                 ;              ;
;       |74185:inst2|                       ; 2 (2)             ; 0 (0)        ; 0           ; 0            ; 0       ; 0         ; 0    ; 0            ; |main|BinaryToBCD:inst6|74185:inst2                                                 ;              ;
;       |74185:inst4|                       ; 15 (15)           ; 0 (0)        ; 0           ; 0            ; 0       ; 0         ; 0    ; 0            ; |main|BinaryToBCD:inst6|74185:inst4                                                 ;              ;
;    |Clock_Divider:inst30|                 ; 49 (49)           ; 33 (33)      ; 0           ; 0            ; 0       ; 0         ; 0    ; 0            ; |main|Clock_Divider:inst30                                                          ;              ;
;    |JK_Synch_Counter:inst11|              ; 10 (10)           ; 8 (8)        ; 0           ; 0            ; 0       ; 0         ; 0    ; 0            ; |main|JK_Synch_Counter:inst11                                                       ;              ;
;    |JK_Synch_Counter:inst17|              ; 10 (10)           ; 8 (8)        ; 0           ; 0            ; 0       ; 0         ; 0    ; 0            ; |main|JK_Synch_Counter:inst17                                                       ;              ;
;    |JK_Synch_Counter:inst7|               ; 10 (10)           ; 8 (8)        ; 0           ; 0            ; 0       ; 0         ; 0    ; 0            ; |main|JK_Synch_Counter:inst7                                                        ;              ;
;    |lpm_compare3:inst18|                  ; 3 (0)             ; 0 (0)        ; 0           ; 0            ; 0       ; 0         ; 0    ; 0            ; |main|lpm_compare3:inst18                                                           ;              ;
;       |lpm_compare:LPM_COMPARE_component| ; 3 (0)             ; 0 (0)        ; 0           ; 0            ; 0       ; 0         ; 0    ; 0            ; |main|lpm_compare3:inst18|lpm_compare:LPM_COMPARE_component                         ;              ;
;          |cmpr_k7j:auto_generated|        ; 3 (3)             ; 0 (0)        ; 0           ; 0            ; 0       ; 0         ; 0    ; 0            ; |main|lpm_compare3:inst18|lpm_compare:LPM_COMPARE_component|cmpr_k7j:auto_generated ;              ;
;    |lpm_compare4:inst|                    ; 3 (0)             ; 0 (0)        ; 0           ; 0            ; 0       ; 0         ; 0    ; 0            ; |main|lpm_compare4:inst                                                             ;              ;
;       |lpm_compare:LPM_COMPARE_component| ; 3 (0)             ; 0 (0)        ; 0           ; 0            ; 0       ; 0         ; 0    ; 0            ; |main|lpm_compare4:inst|lpm_compare:LPM_COMPARE_component                           ;              ;
;          |cmpr_k7j:auto_generated|        ; 3 (3)             ; 0 (0)        ; 0           ; 0            ; 0       ; 0         ; 0    ; 0            ; |main|lpm_compare4:inst|lpm_compare:LPM_COMPARE_component|cmpr_k7j:auto_generated   ;              ;
;    |lpm_compare5:inst10|                  ; 3 (0)             ; 0 (0)        ; 0           ; 0            ; 0       ; 0         ; 0    ; 0            ; |main|lpm_compare5:inst10                                                           ;              ;
;       |lpm_compare:LPM_COMPARE_component| ; 3 (0)             ; 0 (0)        ; 0           ; 0            ; 0       ; 0         ; 0    ; 0            ; |main|lpm_compare5:inst10|lpm_compare:LPM_COMPARE_component                         ;              ;
;          |cmpr_k7j:auto_generated|        ; 3 (3)             ; 0 (0)        ; 0           ; 0            ; 0       ; 0         ; 0    ; 0            ; |main|lpm_compare5:inst10|lpm_compare:LPM_COMPARE_component|cmpr_k7j:auto_generated ;              ;
+-------------------------------------------+-------------------+--------------+-------------+--------------+---------+-----------+------+--------------+-------------------------------------------------------------------------------------+--------------+
Note: For table entries with two numbers listed, the numbers in parentheses indicate the number of resources of the given type used by the specific entity alone. The numbers listed outside of parentheses indicate the total resources of the given type used by the specific entity and all of its sub-entities in the hierarchy.


+--------------------------------------------------------------------------------------------------------------------------------------------+
; Analysis & Synthesis IP Cores Summary                                                                                                      ;
+--------+--------------+---------+--------------+--------------+---------------------------+------------------------------------------------+
; Vendor ; IP Core Name ; Version ; Release Date ; License Type ; Entity Instance           ; IP Include File                                ;
+--------+--------------+---------+--------------+--------------+---------------------------+------------------------------------------------+
; Altera ; LPM_COMPARE  ; 13.0    ; N/A          ; N/A          ; |main|lpm_compare4:inst   ; E:/IAAU/Quartus tasks/clock24/lpm_compare4.vhd ;
; Altera ; LPM_COMPARE  ; 13.0    ; N/A          ; N/A          ; |main|lpm_compare5:inst10 ; E:/IAAU/Quartus tasks/clock24/lpm_compare5.vhd ;
; Altera ; LPM_COMPARE  ; 13.0    ; N/A          ; N/A          ; |main|lpm_compare3:inst18 ; E:/IAAU/Quartus tasks/clock24/lpm_compare3.vhd ;
+--------+--------------+---------+--------------+--------------+---------------------------+------------------------------------------------+


+------------------------------------------------------+
; General Register Statistics                          ;
+----------------------------------------------+-------+
; Statistic                                    ; Value ;
+----------------------------------------------+-------+
; Total registers                              ; 57    ;
; Number of registers using Synchronous Clear  ; 0     ;
; Number of registers using Synchronous Load   ; 0     ;
; Number of registers using Asynchronous Clear ; 57    ;
; Number of registers using Asynchronous Load  ; 0     ;
; Number of registers using Clock Enable       ; 0     ;
; Number of registers using Preset             ; 0     ;
+----------------------------------------------+-------+


+--------------------------------------------------+
; Inverted Register Statistics                     ;
+----------------------------------------+---------+
; Inverted Register                      ; Fan out ;
+----------------------------------------+---------+
; Clock_Divider:inst30|count[0]          ; 3       ;
; Total number of inverted registers = 1 ;         ;
+----------------------------------------+---------+


+----------------------------------------------------------------------------------------------------+
; Parameter Settings for User Entity Instance: lpm_compare3:inst18|lpm_compare:LPM_COMPARE_component ;
+------------------------+------------+--------------------------------------------------------------+
; Parameter Name         ; Value      ; Type                                                         ;
+------------------------+------------+--------------------------------------------------------------+
; lpm_width              ; 8          ; Signed Integer                                               ;
; LPM_REPRESENTATION     ; UNSIGNED   ; Untyped                                                      ;
; LPM_PIPELINE           ; 0          ; Untyped                                                      ;
; CHAIN_SIZE             ; 8          ; Untyped                                                      ;
; ONE_INPUT_IS_CONSTANT  ; YES        ; Untyped                                                      ;
; CARRY_CHAIN            ; MANUAL     ; Untyped                                                      ;
; CASCADE_CHAIN          ; MANUAL     ; Untyped                                                      ;
; CARRY_CHAIN_LENGTH     ; 48         ; CARRY_CHAIN_LENGTH                                           ;
; CASCADE_CHAIN_LENGTH   ; 2          ; CASCADE_CHAIN_LENGTH                                         ;
; DEVICE_FAMILY          ; Cyclone II ; Untyped                                                      ;
; CBXI_PARAMETER         ; cmpr_k7j   ; Untyped                                                      ;
; AUTO_CARRY_CHAINS      ; ON         ; AUTO_CARRY                                                   ;
; IGNORE_CARRY_BUFFERS   ; OFF        ; IGNORE_CARRY                                                 ;
; AUTO_CASCADE_CHAINS    ; ON         ; AUTO_CASCADE                                                 ;
; IGNORE_CASCADE_BUFFERS ; OFF        ; IGNORE_CASCADE                                               ;
+------------------------+------------+--------------------------------------------------------------+
Note: In order to hide this table in the UI and the text report file, please set the "Show Parameter Settings in Synthesis Report" option in "Analysis and Synthesis Settings -> More Settings" to "Off".


+--------------------------------------------------------------------------------------------------+
; Parameter Settings for User Entity Instance: lpm_compare4:inst|lpm_compare:LPM_COMPARE_component ;
+------------------------+------------+------------------------------------------------------------+
; Parameter Name         ; Value      ; Type                                                       ;
+------------------------+------------+------------------------------------------------------------+
; lpm_width              ; 8          ; Signed Integer                                             ;
; LPM_REPRESENTATION     ; UNSIGNED   ; Untyped                                                    ;
; LPM_PIPELINE           ; 0          ; Untyped                                                    ;
; CHAIN_SIZE             ; 8          ; Untyped                                                    ;
; ONE_INPUT_IS_CONSTANT  ; YES        ; Untyped                                                    ;
; CARRY_CHAIN            ; MANUAL     ; Untyped                                                    ;
; CASCADE_CHAIN          ; MANUAL     ; Untyped                                                    ;
; CARRY_CHAIN_LENGTH     ; 48         ; CARRY_CHAIN_LENGTH                                         ;
; CASCADE_CHAIN_LENGTH   ; 2          ; CASCADE_CHAIN_LENGTH                                       ;
; DEVICE_FAMILY          ; Cyclone II ; Untyped                                                    ;
; CBXI_PARAMETER         ; cmpr_k7j   ; Untyped                                                    ;
; AUTO_CARRY_CHAINS      ; ON         ; AUTO_CARRY                                                 ;
; IGNORE_CARRY_BUFFERS   ; OFF        ; IGNORE_CARRY                                               ;
; AUTO_CASCADE_CHAINS    ; ON         ; AUTO_CASCADE                                               ;
; IGNORE_CASCADE_BUFFERS ; OFF        ; IGNORE_CASCADE                                             ;
+------------------------+------------+------------------------------------------------------------+
Note: In order to hide this table in the UI and the text report file, please set the "Show Parameter Settings in Synthesis Report" option in "Analysis and Synthesis Settings -> More Settings" to "Off".


+----------------------------------------------------------------------------------------------------+
; Parameter Settings for User Entity Instance: lpm_compare5:inst10|lpm_compare:LPM_COMPARE_component ;
+------------------------+------------+--------------------------------------------------------------+
; Parameter Name         ; Value      ; Type                                                         ;
+------------------------+------------+--------------------------------------------------------------+
; lpm_width              ; 8          ; Signed Integer                                               ;
; LPM_REPRESENTATION     ; UNSIGNED   ; Untyped                                                      ;
; LPM_PIPELINE           ; 0          ; Untyped                                                      ;
; CHAIN_SIZE             ; 8          ; Untyped                                                      ;
; ONE_INPUT_IS_CONSTANT  ; YES        ; Untyped                                                      ;
; CARRY_CHAIN            ; MANUAL     ; Untyped                                                      ;
; CASCADE_CHAIN          ; MANUAL     ; Untyped                                                      ;
; CARRY_CHAIN_LENGTH     ; 48         ; CARRY_CHAIN_LENGTH                                           ;
; CASCADE_CHAIN_LENGTH   ; 2          ; CASCADE_CHAIN_LENGTH                                         ;
; DEVICE_FAMILY          ; Cyclone II ; Untyped                                                      ;
; CBXI_PARAMETER         ; cmpr_k7j   ; Untyped                                                      ;
; AUTO_CARRY_CHAINS      ; ON         ; AUTO_CARRY                                                   ;
; IGNORE_CARRY_BUFFERS   ; OFF        ; IGNORE_CARRY                                                 ;
; AUTO_CASCADE_CHAINS    ; ON         ; AUTO_CASCADE                                                 ;
; IGNORE_CASCADE_BUFFERS ; OFF        ; IGNORE_CASCADE                                               ;
+------------------------+------------+--------------------------------------------------------------+
Note: In order to hide this table in the UI and the text report file, please set the "Show Parameter Settings in Synthesis Report" option in "Analysis and Synthesis Settings -> More Settings" to "Off".


+-------------------------------+
; Elapsed Time Per Partition    ;
+----------------+--------------+
; Partition Name ; Elapsed Time ;
+----------------+--------------+
; Top            ; 00:00:01     ;
+----------------+--------------+


+-------------------------------+
; Analysis & Synthesis Messages ;
+-------------------------------+
Info: *******************************************************************
Info: Running Quartus II 64-Bit Analysis & Synthesis
    Info: Version 13.0.0 Build 156 04/24/2013 SJ Web Edition
    Info: Processing started: Sun May 10 12:18:48 2020
Info: Command: quartus_map --read_settings_files=on --write_settings_files=off SevenSeg -c SevenSeg
Warning (20028): Parallel compilation is not licensed and has been disabled
Info (12021): Found 1 design units, including 1 entities, in source file sevenseg.bdf
    Info (12023): Found entity 1: SevenSeg
Info (12021): Found 1 design units, including 1 entities, in source file main.bdf
    Info (12023): Found entity 1: main
Info (12021): Found 1 design units, including 1 entities, in source file binarytobcd.bdf
    Info (12023): Found entity 1: BinaryToBCD
Info (12021): Found 2 design units, including 1 entities, in source file clock_divider.vhd
    Info (12022): Found design unit 1: Clock_Divider-bhv
    Info (12023): Found entity 1: Clock_Divider
Info (12021): Found 2 design units, including 1 entities, in source file lpm_counter0.vhd
    Info (12022): Found design unit 1: lpm_counter0-SYN
    Info (12023): Found entity 1: lpm_counter0
Info (12021): Found 1 design units, including 1 entities, in source file jk_synch_counter.bdf
    Info (12023): Found entity 1: JK_Synch_Counter
Info (12021): Found 2 design units, including 1 entities, in source file lpm_compare0.vhd
    Info (12022): Found design unit 1: lpm_compare0-SYN
    Info (12023): Found entity 1: lpm_compare0
Info (12021): Found 2 design units, including 1 entities, in source file lpm_compare1.vhd
    Info (12022): Found design unit 1: lpm_compare1-SYN
    Info (12023): Found entity 1: lpm_compare1
Info (12021): Found 2 design units, including 1 entities, in source file lpm_compare2.vhd
    Info (12022): Found design unit 1: lpm_compare2-SYN
    Info (12023): Found entity 1: lpm_compare2
Info (12021): Found 2 design units, including 1 entities, in source file lpm_compare3.vhd
    Info (12022): Found design unit 1: lpm_compare3-SYN
    Info (12023): Found entity 1: lpm_compare3
Info (12021): Found 2 design units, including 1 entities, in source file lpm_compare4.vhd
    Info (12022): Found design unit 1: lpm_compare4-SYN
    Info (12023): Found entity 1: lpm_compare4
Info (12021): Found 2 design units, including 1 entities, in source file lpm_compare5.vhd
    Info (12022): Found design unit 1: lpm_compare5-SYN
    Info (12023): Found entity 1: lpm_compare5
Info (12127): Elaborating entity "main" for the top level hierarchy
Info (12128): Elaborating entity "lpm_compare3" for hierarchy "lpm_compare3:inst18"
Info (12128): Elaborating entity "lpm_compare" for hierarchy "lpm_compare3:inst18|lpm_compare:LPM_COMPARE_component"
Info (12130): Elaborated megafunction instantiation "lpm_compare3:inst18|lpm_compare:LPM_COMPARE_component"
Info (12133): Instantiated megafunction "lpm_compare3:inst18|lpm_compare:LPM_COMPARE_component" with the following parameter:
    Info (12134): Parameter "lpm_hint" = "ONE_INPUT_IS_CONSTANT=YES"
    Info (12134): Parameter "lpm_representation" = "UNSIGNED"
    Info (12134): Parameter "lpm_type" = "LPM_COMPARE"
    Info (12134): Parameter "lpm_width" = "8"
Info (12021): Found 1 design units, including 1 entities, in source file db/cmpr_k7j.tdf
    Info (12023): Found entity 1: cmpr_k7j
Info (12128): Elaborating entity "cmpr_k7j" for hierarchy "lpm_compare3:inst18|lpm_compare:LPM_COMPARE_component|cmpr_k7j:auto_generated"
Info (12128): Elaborating entity "JK_Synch_Counter" for hierarchy "JK_Synch_Counter:inst17"
Warning (275008): Primitive "AND2" of instance "inst15" not used
Info (12128): Elaborating entity "Clock_Divider" for hierarchy "Clock_Divider:inst30"
Warning (10492): VHDL Process Statement warning at Clock_Divider.vhd(29): signal "tmp" is read inside the Process Statement but isn't in the Process Statement's sensitivity list
Info (12128): Elaborating entity "lpm_compare4" for hierarchy "lpm_compare4:inst"
Info (12128): Elaborating entity "lpm_compare5" for hierarchy "lpm_compare5:inst10"
Info (12128): Elaborating entity "lpm_compare" for hierarchy "lpm_compare5:inst10|lpm_compare:LPM_COMPARE_component"
Info (12130): Elaborated megafunction instantiation "lpm_compare5:inst10|lpm_compare:LPM_COMPARE_component"
Info (12133): Instantiated megafunction "lpm_compare5:inst10|lpm_compare:LPM_COMPARE_component" with the following parameter:
    Info (12134): Parameter "lpm_hint" = "ONE_INPUT_IS_CONSTANT=YES"
    Info (12134): Parameter "lpm_representation" = "UNSIGNED"
    Info (12134): Parameter "lpm_type" = "LPM_COMPARE"
    Info (12134): Parameter "lpm_width" = "8"
Info (12128): Elaborating entity "7447" for hierarchy "7447:inst13"
Info (12130): Elaborated megafunction instantiation "7447:inst13"
Info (12128): Elaborating entity "BinaryToBCD" for hierarchy "BinaryToBCD:inst5"
Info (12128): Elaborating entity "74185" for hierarchy "BinaryToBCD:inst5|74185:inst1"
Info (12130): Elaborated megafunction instantiation "BinaryToBCD:inst5|74185:inst1"
Warning (13024): Output pins are stuck at VCC or GND
    Warning (13410): Pin "min_seg1_P" is stuck at VCC
    Warning (13410): Pin "min_seg2_P" is stuck at VCC
    Warning (13410): Pin "hour_seg1_P" is stuck at VCC
    Warning (13410): Pin "hour_seg2_P" is stuck at VCC
    Warning (13410): Pin "sec_seg1_P" is stuck at VCC
    Warning (13410): Pin "sec_seg2_P" is stuck at VCC
Info (16010): Generating hard_block partition "hard_block:auto_generated_inst"
    Info (16011): Adding 0 node(s), including 0 DDIO, 0 PLL, 0 transceiver and 0 LCELL
Info (21057): Implemented 285 device resources after synthesis - the final resource count might be different
    Info (21058): Implemented 2 input pins
    Info (21059): Implemented 51 output pins
    Info (21061): Implemented 232 logic cells
Info: Quartus II 64-Bit Analysis & Synthesis was successful. 0 errors, 10 warnings
    Info: Peak virtual memory: 4659 megabytes
    Info: Processing ended: Sun May 10 12:18:54 2020
    Info: Elapsed time: 00:00:06
    Info: Total CPU time (on all processors): 00:00:06


