Flow report for SevenSeg
Sun May 10 12:19:26 2020
Quartus II 64-Bit Version 13.0.0 Build 156 04/24/2013 SJ Web Edition


---------------------
; Table of Contents ;
---------------------
  1. Legal Notice
  2. Flow Summary
  3. Flow Settings
  4. Flow Non-Default Global Settings
  5. Flow Elapsed Time
  6. Flow OS Summary
  7. Flow Log
  8. Flow Messages
  9. Flow Suppressed Messages



----------------
; Legal Notice ;
----------------
Copyright (C) 1991-2013 Altera Corporation
Your use of Altera Corporation's design tools, logic functions 
and other software and tools, and its AMPP partner logic 
functions, and any output files from any of the foregoing 
(including device programming or simulation files), and any 
associated documentation or information are expressly subject 
to the terms and conditions of the Altera Program License 
Subscription Agreement, Altera MegaCore Function License 
Agreement, or other applicable license agreement, including, 
without limitation, that your use is for the sole purpose of 
programming logic devices manufactured by Altera and sold by 
Altera or its authorized distributors.  Please refer to the 
applicable agreement for further details.



+---------------------------------------------------------------------------------+
; Flow Summary                                                                    ;
+------------------------------------+--------------------------------------------+
; Flow Status                        ; Successful - Sun May 10 12:19:26 2020      ;
; Quartus II 64-Bit Version          ; 13.0.0 Build 156 04/24/2013 SJ Web Edition ;
; Revision Name                      ; SevenSeg                                   ;
; Top-level Entity Name              ; main                                       ;
; Family                             ; Cyclone II                                 ;
; Device                             ; EP2C70F896C8                               ;
; Timing Models                      ; Final                                      ;
; Total logic elements               ; 232 / 68,416 ( < 1 % )                     ;
;     Total combinational functions  ; 232 / 68,416 ( < 1 % )                     ;
;     Dedicated logic registers      ; 57 / 68,416 ( < 1 % )                      ;
; Total registers                    ; 57                                         ;
; Total pins                         ; 53 / 622 ( 9 % )                           ;
; Total virtual pins                 ; 0                                          ;
; Total memory bits                  ; 0 / 1,152,000 ( 0 % )                      ;
; Embedded Multiplier 9-bit elements ; 0 / 300 ( 0 % )                            ;
; Total PLLs                         ; 0 / 4 ( 0 % )                              ;
+------------------------------------+--------------------------------------------+


+-----------------------------------------+
; Flow Settings                           ;
+-------------------+---------------------+
; Option            ; Setting             ;
+-------------------+---------------------+
; Start date & time ; 05/10/2020 12:18:50 ;
; Main task         ; Compilation         ;
; Revision Name     ; SevenSeg            ;
+-------------------+---------------------+


+---------------------------------------------------------------------------------------------------------------------+
; Flow Non-Default Global Settings                                                                                    ;
+-------------------------------------+--------------------------------+---------------+-------------+----------------+
; Assignment Name                     ; Value                          ; Default Value ; Entity Name ; Section Id     ;
+-------------------------------------+--------------------------------+---------------+-------------+----------------+
; COMPILER_SIGNATURE_ID               ; 44956627196976.158909152932324 ; --            ; --          ; --             ;
; EDA_GENERATE_FUNCTIONAL_NETLIST     ; On                             ; --            ; --          ; eda_simulation ;
; EDA_OUTPUT_DATA_FORMAT              ; Verilog Hdl                    ; --            ; --          ; eda_simulation ;
; EDA_SIMULATION_TOOL                 ; ModelSim-Altera (Verilog)      ; <None>        ; --          ; --             ;
; IP_TOOL_NAME                        ; LPM_COUNTER                    ; --            ; --          ; --             ;
; IP_TOOL_NAME                        ; LPM_COMPARE                    ; --            ; --          ; --             ;
; IP_TOOL_NAME                        ; LPM_COMPARE                    ; --            ; --          ; --             ;
; IP_TOOL_NAME                        ; LPM_COMPARE                    ; --            ; --          ; --             ;
; IP_TOOL_NAME                        ; LPM_COMPARE                    ; --            ; --          ; --             ;
; IP_TOOL_NAME                        ; LPM_COMPARE                    ; --            ; --          ; --             ;
; IP_TOOL_NAME                        ; LPM_COMPARE                    ; --            ; --          ; --             ;
; IP_TOOL_VERSION                     ; 13.0                           ; --            ; --          ; --             ;
; IP_TOOL_VERSION                     ; 13.0                           ; --            ; --          ; --             ;
; IP_TOOL_VERSION                     ; 13.0                           ; --            ; --          ; --             ;
; IP_TOOL_VERSION                     ; 13.0                           ; --            ; --          ; --             ;
; IP_TOOL_VERSION                     ; 13.0                           ; --            ; --          ; --             ;
; IP_TOOL_VERSION                     ; 13.0                           ; --            ; --          ; --             ;
; IP_TOOL_VERSION                     ; 13.0                           ; --            ; --          ; --             ;
; MAX_CORE_JUNCTION_TEMP              ; 85                             ; --            ; --          ; --             ;
; MIN_CORE_JUNCTION_TEMP              ; 0                              ; --            ; --          ; --             ;
; MISC_FILE                           ; lpm_counter0.bsf               ; --            ; --          ; --             ;
; MISC_FILE                           ; lpm_counter0.cmp               ; --            ; --          ; --             ;
; MISC_FILE                           ; lpm_compare0.bsf               ; --            ; --          ; --             ;
; MISC_FILE                           ; lpm_compare0.cmp               ; --            ; --          ; --             ;
; MISC_FILE                           ; lpm_compare1.bsf               ; --            ; --          ; --             ;
; MISC_FILE                           ; lpm_compare1.cmp               ; --            ; --          ; --             ;
; MISC_FILE                           ; lpm_compare2.bsf               ; --            ; --          ; --             ;
; MISC_FILE                           ; lpm_compare2.cmp               ; --            ; --          ; --             ;
; MISC_FILE                           ; lpm_compare3.bsf               ; --            ; --          ; --             ;
; MISC_FILE                           ; lpm_compare3.cmp               ; --            ; --          ; --             ;
; MISC_FILE                           ; lpm_compare4.bsf               ; --            ; --          ; --             ;
; MISC_FILE                           ; lpm_compare4.cmp               ; --            ; --          ; --             ;
; MISC_FILE                           ; lpm_compare5.bsf               ; --            ; --          ; --             ;
; MISC_FILE                           ; lpm_compare5.cmp               ; --            ; --          ; --             ;
; PARTITION_COLOR                     ; 16764057                       ; --            ; main        ; Top            ;
; PARTITION_FITTER_PRESERVATION_LEVEL ; PLACEMENT_AND_ROUTING          ; --            ; main        ; Top            ;
; PARTITION_NETLIST_TYPE              ; SOURCE                         ; --            ; main        ; Top            ;
; PROJECT_OUTPUT_DIRECTORY            ; output_files                   ; --            ; --          ; --             ;
; TOP_LEVEL_ENTITY                    ; main                           ; SevenSeg      ; --          ; --             ;
+-------------------------------------+--------------------------------+---------------+-------------+----------------+


+-------------------------------------------------------------------------------------------------------------------------------+
; Flow Elapsed Time                                                                                                             ;
+---------------------------+--------------+-------------------------+---------------------+------------------------------------+
; Module Name               ; Elapsed Time ; Average Processors Used ; Peak Virtual Memory ; Total CPU Time (on all processors) ;
+---------------------------+--------------+-------------------------+---------------------+------------------------------------+
; Analysis & Synthesis      ; 00:00:05     ; 1.0                     ; 4657 MB             ; 00:00:05                           ;
; Fitter                    ; 00:00:17     ; 1.0                     ; 4983 MB             ; 00:00:16                           ;
; Assembler                 ; 00:00:05     ; 1.0                     ; 4571 MB             ; 00:00:05                           ;
; TimeQuest Timing Analyzer ; 00:00:03     ; 1.0                     ; 4556 MB             ; 00:00:03                           ;
; EDA Netlist Writer        ; 00:00:02     ; 1.0                     ; 4522 MB             ; 00:00:01                           ;
; Total                     ; 00:00:32     ; --                      ; --                  ; 00:00:30                           ;
+---------------------------+--------------+-------------------------+---------------------+------------------------------------+


+----------------------------------------------------------------------------------------+
; Flow OS Summary                                                                        ;
+---------------------------+------------------+-----------+------------+----------------+
; Module Name               ; Machine Hostname ; OS Name   ; OS Version ; Processor type ;
+---------------------------+------------------+-----------+------------+----------------+
; Analysis & Synthesis      ; DESKTOP-GCJ8CT6  ; Windows 7 ; 6.2        ; x86_64         ;
; Fitter                    ; DESKTOP-GCJ8CT6  ; Windows 7 ; 6.2        ; x86_64         ;
; Assembler                 ; DESKTOP-GCJ8CT6  ; Windows 7 ; 6.2        ; x86_64         ;
; TimeQuest Timing Analyzer ; DESKTOP-GCJ8CT6  ; Windows 7 ; 6.2        ; x86_64         ;
; EDA Netlist Writer        ; DESKTOP-GCJ8CT6  ; Windows 7 ; 6.2        ; x86_64         ;
+---------------------------+------------------+-----------+------------+----------------+


------------
; Flow Log ;
------------
quartus_map --read_settings_files=on --write_settings_files=off SevenSeg -c SevenSeg
quartus_fit --read_settings_files=off --write_settings_files=off SevenSeg -c SevenSeg
quartus_asm --read_settings_files=off --write_settings_files=off SevenSeg -c SevenSeg
quartus_sta SevenSeg -c SevenSeg
quartus_eda --read_settings_files=off --write_settings_files=off SevenSeg -c SevenSeg



